15/3/2023 -- 18:45:42 - <Notice> - This is Suricata version 6.0.10 RELEASE running in SYSTEM mode
15/3/2023 -- 18:45:42 - <Info> - CPUs/cores online: 2
15/3/2023 -- 18:45:42 - <Info> - Found an MTU of 1500 for 'hp_core'
15/3/2023 -- 18:45:42 - <Info> - Found an MTU of 1500 for 'hp_core'
15/3/2023 -- 18:45:42 - <Info> - dropped the caps for main thread
15/3/2023 -- 18:45:42 - <Info> - fast output device (regular) initialized: fast.log
15/3/2023 -- 18:45:42 - <Info> - eve-log output device (regular) initialized: eve.json
15/3/2023 -- 18:45:42 - <Info> - stats output device (regular) initialized: stats.log
15/3/2023 -- 18:45:42 - <Info> - Running in live mode, activating unix socket
15/3/2023 -- 18:45:42 - <Warning> - [ERRCODE: SC_ERR_NO_RULES(42)] - No rule files match the pattern /var/lib/suricata/rules/suricata.rules
15/3/2023 -- 18:45:42 - <Warning> - [ERRCODE: SC_ERR_NO_RULES_LOADED(43)] - 1 rule files specified, but no rules were loaded!
15/3/2023 -- 18:45:42 - <Info> - Threshold config parsed: 0 rule(s) found
15/3/2023 -- 18:45:42 - <Info> - 0 signatures processed. 0 are IP-only rules, 0 are inspecting packet payload, 0 inspect application layer, 0 are decoder event only
15/3/2023 -- 18:45:42 - <Info> - Going to use 2 thread(s)
15/3/2023 -- 18:45:42 - <Info> - Running in live mode, activating unix socket
15/3/2023 -- 18:45:42 - <Info> - Using unix socket file '/var/run/suricata/suricata-command.socket'
15/3/2023 -- 18:45:42 - <Notice> - all 2 packet processing threads, 4 management threads initialized, engine started.
15/3/2023 -- 18:45:42 - <Info> - All AFP capture threads are running.
15/3/2023 -- 18:57:45 - <Notice> - Signal Received.  Stopping engine.
15/3/2023 -- 18:57:57 - <Notice> - This is Suricata version 6.0.10 RELEASE running in SYSTEM mode
15/3/2023 -- 18:57:57 - <Info> - CPUs/cores online: 2
15/3/2023 -- 18:57:57 - <Info> - Found an MTU of 1500 for 'hp_core'
15/3/2023 -- 18:57:57 - <Info> - Found an MTU of 1500 for 'hp_core'
15/3/2023 -- 18:57:57 - <Info> - dropped the caps for main thread
15/3/2023 -- 18:57:57 - <Info> - fast output device (regular) initialized: fast.log
15/3/2023 -- 18:57:57 - <Info> - eve-log output device (regular) initialized: eve.json
15/3/2023 -- 18:57:57 - <Info> - stats output device (regular) initialized: stats.log
15/3/2023 -- 18:57:57 - <Info> - Running in live mode, activating unix socket
15/3/2023 -- 18:57:57 - <Warning> - [ERRCODE: SC_ERR_NO_RULES(42)] - No rule files match the pattern /var/lib/suricata/rules/suricata.rules
15/3/2023 -- 18:57:57 - <Warning> - [ERRCODE: SC_ERR_NO_RULES_LOADED(43)] - 1 rule files specified, but no rules were loaded!
15/3/2023 -- 18:57:57 - <Info> - Threshold config parsed: 0 rule(s) found
15/3/2023 -- 18:57:57 - <Info> - 0 signatures processed. 0 are IP-only rules, 0 are inspecting packet payload, 0 inspect application layer, 0 are decoder event only
15/3/2023 -- 18:57:57 - <Info> - Going to use 2 thread(s)
15/3/2023 -- 18:57:57 - <Info> - Running in live mode, activating unix socket
15/3/2023 -- 18:57:57 - <Info> - Using unix socket file '/var/run/suricata/suricata-command.socket'
15/3/2023 -- 18:57:57 - <Notice> - all 2 packet processing threads, 4 management threads initialized, engine started.
15/3/2023 -- 18:57:57 - <Info> - All AFP capture threads are running.
16/3/2023 -- 09:19:04 - <Notice> - Signal Received.  Stopping engine.
16/3/2023 -- 09:19:05 - <Info> - time elapsed 51667.762s
16/3/2023 -- 09:19:05 - <Info> - Alerts: 0
16/3/2023 -- 09:19:05 - <Info> - cleaning up signature grouping structure... complete
16/3/2023 -- 09:19:05 - <Notice> - Stats for 'hp_core':  pkts: 2043, drop: 0 (0.00%), invalid chksum: 0
17/3/2023 -- 12:34:43 - <Notice> - This is Suricata version 6.0.10 RELEASE running in SYSTEM mode
17/3/2023 -- 12:34:43 - <Info> - CPUs/cores online: 2
17/3/2023 -- 12:34:43 - <Info> - Found an MTU of 1500 for 'hp_core'
17/3/2023 -- 12:34:43 - <Info> - Found an MTU of 1500 for 'hp_core'
17/3/2023 -- 12:34:43 - <Info> - dropped the caps for main thread
17/3/2023 -- 12:34:43 - <Info> - fast output device (regular) initialized: fast.log
17/3/2023 -- 12:34:43 - <Info> - eve-log output device (regular) initialized: eve.json
17/3/2023 -- 12:34:43 - <Info> - stats output device (regular) initialized: stats.log
17/3/2023 -- 12:34:43 - <Info> - Running in live mode, activating unix socket
17/3/2023 -- 12:34:43 - <Warning> - [ERRCODE: SC_ERR_NO_RULES(42)] - No rule files match the pattern /var/lib/suricata/rules/suricata.rules
17/3/2023 -- 12:34:43 - <Warning> - [ERRCODE: SC_ERR_NO_RULES_LOADED(43)] - 1 rule files specified, but no rules were loaded!
17/3/2023 -- 12:34:43 - <Info> - Threshold config parsed: 0 rule(s) found
17/3/2023 -- 12:34:43 - <Info> - 0 signatures processed. 0 are IP-only rules, 0 are inspecting packet payload, 0 inspect application layer, 0 are decoder event only
17/3/2023 -- 12:34:43 - <Info> - Going to use 2 thread(s)
17/3/2023 -- 12:34:43 - <Info> - Running in live mode, activating unix socket
17/3/2023 -- 12:34:43 - <Info> - Using unix socket file '/var/run/suricata/suricata-command.socket'
17/3/2023 -- 12:34:43 - <Notice> - all 2 packet processing threads, 4 management threads initialized, engine started.
17/3/2023 -- 12:34:43 - <Info> - All AFP capture threads are running.
17/3/2023 -- 12:36:14 - <Notice> - Signal Received.  Stopping engine.
17/3/2023 -- 12:36:14 - <Info> - time elapsed 90.933s
17/3/2023 -- 12:36:15 - <Info> - Alerts: 0
17/3/2023 -- 12:36:15 - <Info> - cleaning up signature grouping structure... complete
17/3/2023 -- 12:36:15 - <Notice> - Stats for 'hp_core':  pkts: 29, drop: 0 (0.00%), invalid chksum: 0
30/3/2023 -- 08:46:49 - <Notice> - This is Suricata version 6.0.10 RELEASE running in SYSTEM mode
30/3/2023 -- 08:46:49 - <Info> - CPUs/cores online: 2
30/3/2023 -- 08:46:49 - <Info> - Found an MTU of 1500 for 'hp_core'
30/3/2023 -- 08:46:49 - <Info> - Found an MTU of 1500 for 'hp_core'
30/3/2023 -- 08:46:49 - <Info> - dropped the caps for main thread
30/3/2023 -- 08:46:49 - <Info> - fast output device (regular) initialized: fast.log
30/3/2023 -- 08:46:49 - <Info> - eve-log output device (regular) initialized: eve.json
30/3/2023 -- 08:46:49 - <Info> - stats output device (regular) initialized: stats.log
30/3/2023 -- 08:46:49 - <Info> - Running in live mode, activating unix socket
30/3/2023 -- 08:46:49 - <Warning> - [ERRCODE: SC_ERR_NO_RULES(42)] - No rule files match the pattern /var/lib/suricata/rules/suricata.rules
30/3/2023 -- 08:46:49 - <Warning> - [ERRCODE: SC_ERR_NO_RULES_LOADED(43)] - 1 rule files specified, but no rules were loaded!
30/3/2023 -- 08:46:49 - <Info> - Threshold config parsed: 0 rule(s) found
30/3/2023 -- 08:46:49 - <Info> - 0 signatures processed. 0 are IP-only rules, 0 are inspecting packet payload, 0 inspect application layer, 0 are decoder event only
30/3/2023 -- 08:46:49 - <Info> - Going to use 2 thread(s)
30/3/2023 -- 08:46:50 - <Info> - Running in live mode, activating unix socket
30/3/2023 -- 08:46:50 - <Info> - Using unix socket file '/var/run/suricata/suricata-command.socket'
30/3/2023 -- 08:46:50 - <Notice> - all 2 packet processing threads, 4 management threads initialized, engine started.
30/3/2023 -- 08:46:50 - <Info> - All AFP capture threads are running.
30/3/2023 -- 08:49:17 - <Notice> - Signal Received.  Stopping engine.
30/3/2023 -- 08:49:17 - <Info> - time elapsed 147.669s
30/3/2023 -- 08:49:18 - <Info> - Alerts: 0
30/3/2023 -- 08:49:18 - <Info> - cleaning up signature grouping structure... complete
30/3/2023 -- 08:49:18 - <Notice> - Stats for 'hp_core':  pkts: 36, drop: 0 (0.00%), invalid chksum: 0
30/3/2023 -- 11:15:31 - <Notice> - This is Suricata version 6.0.10 RELEASE running in SYSTEM mode
30/3/2023 -- 11:15:31 - <Info> - CPUs/cores online: 2
30/3/2023 -- 11:15:31 - <Info> - Found an MTU of 1500 for 'hp_core'
30/3/2023 -- 11:15:31 - <Info> - Found an MTU of 1500 for 'hp_core'
30/3/2023 -- 11:15:32 - <Info> - dropped the caps for main thread
30/3/2023 -- 11:15:32 - <Info> - fast output device (regular) initialized: fast.log
30/3/2023 -- 11:15:32 - <Info> - eve-log output device (regular) initialized: eve.json
30/3/2023 -- 11:15:32 - <Info> - stats output device (regular) initialized: stats.log
30/3/2023 -- 11:15:32 - <Info> - Running in live mode, activating unix socket
30/3/2023 -- 11:15:32 - <Warning> - [ERRCODE: SC_ERR_NO_RULES(42)] - No rule files match the pattern /var/lib/suricata/rules/suricata.rules
30/3/2023 -- 11:15:32 - <Warning> - [ERRCODE: SC_ERR_NO_RULES_LOADED(43)] - 1 rule files specified, but no rules were loaded!
30/3/2023 -- 11:15:32 - <Info> - Threshold config parsed: 0 rule(s) found
30/3/2023 -- 11:15:32 - <Info> - 0 signatures processed. 0 are IP-only rules, 0 are inspecting packet payload, 0 inspect application layer, 0 are decoder event only
30/3/2023 -- 11:15:32 - <Info> - Going to use 2 thread(s)
30/3/2023 -- 11:15:32 - <Info> - Running in live mode, activating unix socket
30/3/2023 -- 11:15:32 - <Info> - Using unix socket file '/var/run/suricata/suricata-command.socket'
30/3/2023 -- 11:15:32 - <Notice> - all 2 packet processing threads, 4 management threads initialized, engine started.
30/3/2023 -- 11:15:32 - <Info> - All AFP capture threads are running.
30/3/2023 -- 11:17:07 - <Notice> - Signal Received.  Stopping engine.
30/3/2023 -- 11:17:08 - <Info> - time elapsed 96.251s
30/3/2023 -- 11:17:09 - <Info> - Alerts: 0
30/3/2023 -- 11:17:09 - <Info> - cleaning up signature grouping structure... complete
30/3/2023 -- 11:17:09 - <Notice> - Stats for 'hp_core':  pkts: 33, drop: 0 (0.00%), invalid chksum: 0
30/3/2023 -- 12:07:16 - <Notice> - This is Suricata version 6.0.10 RELEASE running in SYSTEM mode
30/3/2023 -- 12:07:16 - <Info> - CPUs/cores online: 2
30/3/2023 -- 12:07:16 - <Info> - Found an MTU of 1500 for 'hp_core'
30/3/2023 -- 12:07:16 - <Info> - Found an MTU of 1500 for 'hp_core'
30/3/2023 -- 12:07:17 - <Info> - dropped the caps for main thread
30/3/2023 -- 12:07:17 - <Info> - fast output device (regular) initialized: fast.log
30/3/2023 -- 12:07:17 - <Info> - eve-log output device (regular) initialized: eve.json
30/3/2023 -- 12:07:17 - <Info> - stats output device (regular) initialized: stats.log
30/3/2023 -- 12:07:17 - <Info> - Running in live mode, activating unix socket
30/3/2023 -- 12:07:17 - <Warning> - [ERRCODE: SC_ERR_NO_RULES(42)] - No rule files match the pattern /var/lib/suricata/rules/suricata.rules
30/3/2023 -- 12:07:17 - <Warning> - [ERRCODE: SC_ERR_NO_RULES_LOADED(43)] - 1 rule files specified, but no rules were loaded!
30/3/2023 -- 12:07:17 - <Info> - Threshold config parsed: 0 rule(s) found
30/3/2023 -- 12:07:17 - <Info> - 0 signatures processed. 0 are IP-only rules, 0 are inspecting packet payload, 0 inspect application layer, 0 are decoder event only
30/3/2023 -- 12:07:17 - <Info> - Going to use 2 thread(s)
30/3/2023 -- 12:07:17 - <Info> - Running in live mode, activating unix socket
30/3/2023 -- 12:07:17 - <Info> - Using unix socket file '/var/run/suricata/suricata-command.socket'
30/3/2023 -- 12:07:17 - <Notice> - all 2 packet processing threads, 4 management threads initialized, engine started.
30/3/2023 -- 12:07:17 - <Info> - All AFP capture threads are running.
30/3/2023 -- 12:11:39 - <Notice> - Signal Received.  Stopping engine.
30/3/2023 -- 12:11:40 - <Info> - time elapsed 263.220s
30/3/2023 -- 12:11:41 - <Info> - Alerts: 0
30/3/2023 -- 12:11:41 - <Info> - cleaning up signature grouping structure... complete
30/3/2023 -- 12:11:41 - <Notice> - Stats for 'hp_core':  pkts: 71, drop: 0 (0.00%), invalid chksum: 0
2/4/2023 -- 07:20:17 - <Notice> - This is Suricata version 6.0.10 RELEASE running in SYSTEM mode
2/4/2023 -- 07:20:17 - <Info> - CPUs/cores online: 2
2/4/2023 -- 07:20:18 - <Info> - Found an MTU of 1500 for 'hp_core'
2/4/2023 -- 07:20:18 - <Info> - Found an MTU of 1500 for 'hp_core'
2/4/2023 -- 07:20:18 - <Info> - dropped the caps for main thread
2/4/2023 -- 07:20:18 - <Info> - fast output device (regular) initialized: fast.log
2/4/2023 -- 07:20:18 - <Info> - eve-log output device (regular) initialized: eve.json
2/4/2023 -- 07:20:18 - <Info> - stats output device (regular) initialized: stats.log
2/4/2023 -- 07:20:18 - <Info> - Running in live mode, activating unix socket
2/4/2023 -- 07:20:18 - <Warning> - [ERRCODE: SC_ERR_NO_RULES(42)] - No rule files match the pattern /var/lib/suricata/rules/suricata.rules
2/4/2023 -- 07:20:18 - <Warning> - [ERRCODE: SC_ERR_NO_RULES_LOADED(43)] - 1 rule files specified, but no rules were loaded!
2/4/2023 -- 07:20:18 - <Info> - Threshold config parsed: 0 rule(s) found
2/4/2023 -- 07:20:18 - <Info> - 0 signatures processed. 0 are IP-only rules, 0 are inspecting packet payload, 0 inspect application layer, 0 are decoder event only
2/4/2023 -- 07:20:18 - <Info> - Going to use 2 thread(s)
2/4/2023 -- 07:20:18 - <Info> - Running in live mode, activating unix socket
2/4/2023 -- 07:20:18 - <Info> - Using unix socket file '/var/run/suricata/suricata-command.socket'
2/4/2023 -- 07:20:18 - <Notice> - all 2 packet processing threads, 4 management threads initialized, engine started.
2/4/2023 -- 07:20:18 - <Info> - All AFP capture threads are running.
2/4/2023 -- 07:22:14 - <Notice> - Signal Received.  Stopping engine.
2/4/2023 -- 07:22:14 - <Info> - time elapsed 116.335s
2/4/2023 -- 07:22:15 - <Info> - Alerts: 0
2/4/2023 -- 07:22:15 - <Info> - cleaning up signature grouping structure... complete
2/4/2023 -- 07:22:15 - <Notice> - Stats for 'hp_core':  pkts: 31, drop: 0 (0.00%), invalid chksum: 0
2/4/2023 -- 14:06:43 - <Notice> - This is Suricata version 6.0.10 RELEASE running in SYSTEM mode
2/4/2023 -- 14:06:43 - <Info> - CPUs/cores online: 2
2/4/2023 -- 14:06:43 - <Info> - Found an MTU of 1500 for 'hp_core'
2/4/2023 -- 14:06:43 - <Info> - Found an MTU of 1500 for 'hp_core'
2/4/2023 -- 14:06:43 - <Info> - dropped the caps for main thread
2/4/2023 -- 14:06:43 - <Info> - fast output device (regular) initialized: fast.log
2/4/2023 -- 14:06:43 - <Info> - eve-log output device (regular) initialized: eve.json
2/4/2023 -- 14:06:43 - <Info> - stats output device (regular) initialized: stats.log
2/4/2023 -- 14:06:43 - <Info> - Running in live mode, activating unix socket
2/4/2023 -- 14:06:43 - <Warning> - [ERRCODE: SC_ERR_NO_RULES(42)] - No rule files match the pattern /var/lib/suricata/rules/suricata.rules
2/4/2023 -- 14:06:43 - <Warning> - [ERRCODE: SC_ERR_NO_RULES_LOADED(43)] - 1 rule files specified, but no rules were loaded!
2/4/2023 -- 14:06:43 - <Info> - Threshold config parsed: 0 rule(s) found
2/4/2023 -- 14:06:43 - <Info> - 0 signatures processed. 0 are IP-only rules, 0 are inspecting packet payload, 0 inspect application layer, 0 are decoder event only
2/4/2023 -- 14:06:43 - <Info> - Going to use 2 thread(s)
2/4/2023 -- 14:06:43 - <Info> - Running in live mode, activating unix socket
2/4/2023 -- 14:06:43 - <Info> - Using unix socket file '/var/run/suricata/suricata-command.socket'
2/4/2023 -- 14:06:43 - <Notice> - all 2 packet processing threads, 4 management threads initialized, engine started.
2/4/2023 -- 14:06:43 - <Info> - All AFP capture threads are running.
2/4/2023 -- 14:10:12 - <Notice> - Signal Received.  Stopping engine.
2/4/2023 -- 14:10:12 - <Info> - time elapsed 209.148s
2/4/2023 -- 14:10:13 - <Info> - Alerts: 0
2/4/2023 -- 14:10:13 - <Info> - cleaning up signature grouping structure... complete
2/4/2023 -- 14:10:13 - <Notice> - Stats for 'hp_core':  pkts: 46, drop: 0 (0.00%), invalid chksum: 0
2/4/2023 -- 18:51:54 - <Notice> - This is Suricata version 6.0.10 RELEASE running in SYSTEM mode
2/4/2023 -- 18:51:54 - <Info> - CPUs/cores online: 2
2/4/2023 -- 18:51:54 - <Info> - Found an MTU of 1500 for 'hp_core'
2/4/2023 -- 18:51:54 - <Info> - Found an MTU of 1500 for 'hp_core'
2/4/2023 -- 18:51:54 - <Info> - dropped the caps for main thread
2/4/2023 -- 18:51:54 - <Info> - fast output device (regular) initialized: fast.log
2/4/2023 -- 18:51:54 - <Info> - eve-log output device (regular) initialized: eve.json
2/4/2023 -- 18:51:54 - <Info> - stats output device (regular) initialized: stats.log
2/4/2023 -- 18:51:54 - <Info> - Running in live mode, activating unix socket
2/4/2023 -- 18:51:54 - <Warning> - [ERRCODE: SC_ERR_NO_RULES(42)] - No rule files match the pattern /var/lib/suricata/rules/suricata.rules
2/4/2023 -- 18:51:54 - <Warning> - [ERRCODE: SC_ERR_NO_RULES_LOADED(43)] - 1 rule files specified, but no rules were loaded!
2/4/2023 -- 18:51:54 - <Info> - Threshold config parsed: 0 rule(s) found
2/4/2023 -- 18:51:54 - <Info> - 0 signatures processed. 0 are IP-only rules, 0 are inspecting packet payload, 0 inspect application layer, 0 are decoder event only
2/4/2023 -- 18:51:54 - <Info> - Going to use 2 thread(s)
2/4/2023 -- 18:51:54 - <Info> - Running in live mode, activating unix socket
2/4/2023 -- 18:51:54 - <Info> - Using unix socket file '/var/run/suricata/suricata-command.socket'
2/4/2023 -- 18:51:54 - <Notice> - all 2 packet processing threads, 4 management threads initialized, engine started.
2/4/2023 -- 18:51:54 - <Info> - All AFP capture threads are running.
2/4/2023 -- 18:53:31 - <Notice> - Signal Received.  Stopping engine.
2/4/2023 -- 18:53:31 - <Info> - time elapsed 96.909s
2/4/2023 -- 18:53:32 - <Info> - Alerts: 0
2/4/2023 -- 18:53:32 - <Info> - cleaning up signature grouping structure... complete
2/4/2023 -- 18:53:32 - <Notice> - Stats for 'hp_core':  pkts: 75, drop: 0 (0.00%), invalid chksum: 0
2/4/2023 -- 21:54:29 - <Notice> - This is Suricata version 6.0.10 RELEASE running in SYSTEM mode
2/4/2023 -- 21:54:29 - <Info> - CPUs/cores online: 2
2/4/2023 -- 21:54:30 - <Info> - Found an MTU of 1500 for 'hp_core'
2/4/2023 -- 21:54:30 - <Info> - Found an MTU of 1500 for 'hp_core'
2/4/2023 -- 21:54:30 - <Info> - dropped the caps for main thread
2/4/2023 -- 21:54:30 - <Info> - fast output device (regular) initialized: fast.log
2/4/2023 -- 21:54:30 - <Info> - eve-log output device (regular) initialized: eve.json
2/4/2023 -- 21:54:30 - <Info> - stats output device (regular) initialized: stats.log
2/4/2023 -- 21:54:30 - <Info> - Running in live mode, activating unix socket
2/4/2023 -- 21:54:30 - <Warning> - [ERRCODE: SC_ERR_NO_RULES(42)] - No rule files match the pattern /var/lib/suricata/rules/suricata.rules
2/4/2023 -- 21:54:30 - <Warning> - [ERRCODE: SC_ERR_NO_RULES_LOADED(43)] - 1 rule files specified, but no rules were loaded!
2/4/2023 -- 21:54:30 - <Info> - Threshold config parsed: 0 rule(s) found
2/4/2023 -- 21:54:30 - <Info> - 0 signatures processed. 0 are IP-only rules, 0 are inspecting packet payload, 0 inspect application layer, 0 are decoder event only
2/4/2023 -- 21:54:30 - <Info> - Going to use 2 thread(s)
2/4/2023 -- 21:54:30 - <Info> - Running in live mode, activating unix socket
2/4/2023 -- 21:54:30 - <Info> - Using unix socket file '/var/run/suricata/suricata-command.socket'
2/4/2023 -- 21:54:30 - <Notice> - all 2 packet processing threads, 4 management threads initialized, engine started.
2/4/2023 -- 21:54:30 - <Info> - All AFP capture threads are running.
2/4/2023 -- 21:59:03 - <Notice> - Signal Received.  Stopping engine.
2/4/2023 -- 21:59:04 - <Info> - time elapsed 273.908s
2/4/2023 -- 21:59:05 - <Info> - Alerts: 0
2/4/2023 -- 21:59:05 - <Info> - cleaning up signature grouping structure... complete
2/4/2023 -- 21:59:05 - <Notice> - Stats for 'hp_core':  pkts: 303, drop: 0 (0.00%), invalid chksum: 0
3/4/2023 -- 05:46:26 - <Notice> - This is Suricata version 6.0.10 RELEASE running in SYSTEM mode
3/4/2023 -- 05:46:26 - <Info> - CPUs/cores online: 2
3/4/2023 -- 05:46:27 - <Info> - Found an MTU of 1500 for 'hp_core'
3/4/2023 -- 05:46:27 - <Info> - Found an MTU of 1500 for 'hp_core'
3/4/2023 -- 05:46:27 - <Info> - dropped the caps for main thread
3/4/2023 -- 05:46:27 - <Info> - fast output device (regular) initialized: fast.log
3/4/2023 -- 05:46:27 - <Info> - eve-log output device (regular) initialized: eve.json
3/4/2023 -- 05:46:27 - <Info> - stats output device (regular) initialized: stats.log
3/4/2023 -- 05:46:27 - <Info> - Running in live mode, activating unix socket
3/4/2023 -- 05:46:27 - <Warning> - [ERRCODE: SC_ERR_NO_RULES(42)] - No rule files match the pattern /var/lib/suricata/rules/suricata.rules
3/4/2023 -- 05:46:27 - <Warning> - [ERRCODE: SC_ERR_NO_RULES_LOADED(43)] - 1 rule files specified, but no rules were loaded!
3/4/2023 -- 05:46:27 - <Info> - Threshold config parsed: 0 rule(s) found
3/4/2023 -- 05:46:27 - <Info> - 0 signatures processed. 0 are IP-only rules, 0 are inspecting packet payload, 0 inspect application layer, 0 are decoder event only
3/4/2023 -- 05:46:27 - <Info> - Going to use 2 thread(s)
3/4/2023 -- 05:46:27 - <Info> - Running in live mode, activating unix socket
3/4/2023 -- 05:46:27 - <Info> - Using unix socket file '/var/run/suricata/suricata-command.socket'
3/4/2023 -- 05:46:27 - <Notice> - all 2 packet processing threads, 4 management threads initialized, engine started.
3/4/2023 -- 05:46:27 - <Info> - All AFP capture threads are running.
3/4/2023 -- 05:47:11 - <Notice> - Signal Received.  Stopping engine.
3/4/2023 -- 05:47:12 - <Info> - time elapsed 44.856s
3/4/2023 -- 05:47:13 - <Info> - Alerts: 0
3/4/2023 -- 05:47:13 - <Info> - cleaning up signature grouping structure... complete
3/4/2023 -- 05:47:13 - <Notice> - Stats for 'hp_core':  pkts: 88, drop: 0 (0.00%), invalid chksum: 0
3/4/2023 -- 15:39:42 - <Notice> - This is Suricata version 6.0.10 RELEASE running in SYSTEM mode
3/4/2023 -- 15:39:42 - <Info> - CPUs/cores online: 2
3/4/2023 -- 15:39:42 - <Info> - Found an MTU of 1500 for 'hp_core'
3/4/2023 -- 15:39:42 - <Info> - Found an MTU of 1500 for 'hp_core'
3/4/2023 -- 15:39:42 - <Info> - dropped the caps for main thread
3/4/2023 -- 15:39:42 - <Info> - fast output device (regular) initialized: fast.log
3/4/2023 -- 15:39:42 - <Info> - eve-log output device (regular) initialized: eve.json
3/4/2023 -- 15:39:42 - <Info> - stats output device (regular) initialized: stats.log
3/4/2023 -- 15:39:42 - <Info> - Running in live mode, activating unix socket
3/4/2023 -- 15:39:42 - <Warning> - [ERRCODE: SC_ERR_NO_RULES(42)] - No rule files match the pattern /var/lib/suricata/rules/suricata.rules
3/4/2023 -- 15:39:42 - <Warning> - [ERRCODE: SC_ERR_NO_RULES_LOADED(43)] - 1 rule files specified, but no rules were loaded!
3/4/2023 -- 15:39:42 - <Info> - Threshold config parsed: 0 rule(s) found
3/4/2023 -- 15:39:42 - <Info> - 0 signatures processed. 0 are IP-only rules, 0 are inspecting packet payload, 0 inspect application layer, 0 are decoder event only
3/4/2023 -- 15:39:42 - <Info> - Going to use 2 thread(s)
3/4/2023 -- 15:39:42 - <Info> - Running in live mode, activating unix socket
3/4/2023 -- 15:39:42 - <Info> - Using unix socket file '/var/run/suricata/suricata-command.socket'
3/4/2023 -- 15:39:42 - <Notice> - all 2 packet processing threads, 4 management threads initialized, engine started.
3/4/2023 -- 15:39:43 - <Info> - All AFP capture threads are running.
3/4/2023 -- 15:45:31 - <Notice> - Signal Received.  Stopping engine.
3/4/2023 -- 15:45:31 - <Info> - time elapsed 348.725s
3/4/2023 -- 15:45:32 - <Info> - Alerts: 0
3/4/2023 -- 15:45:32 - <Info> - cleaning up signature grouping structure... complete
3/4/2023 -- 15:45:32 - <Notice> - Stats for 'hp_core':  pkts: 406, drop: 0 (0.00%), invalid chksum: 0
7/4/2023 -- 10:41:49 - <Notice> - This is Suricata version 6.0.10 RELEASE running in SYSTEM mode
7/4/2023 -- 10:41:49 - <Info> - CPUs/cores online: 2
7/4/2023 -- 10:41:50 - <Info> - Found an MTU of 1500 for 'hp_core'
7/4/2023 -- 10:41:50 - <Info> - Found an MTU of 1500 for 'hp_core'
7/4/2023 -- 10:41:50 - <Info> - dropped the caps for main thread
7/4/2023 -- 10:41:50 - <Info> - fast output device (regular) initialized: fast.log
7/4/2023 -- 10:41:50 - <Info> - eve-log output device (regular) initialized: eve.json
7/4/2023 -- 10:41:50 - <Info> - stats output device (regular) initialized: stats.log
7/4/2023 -- 10:41:50 - <Info> - Running in live mode, activating unix socket
7/4/2023 -- 10:41:50 - <Warning> - [ERRCODE: SC_ERR_NO_RULES(42)] - No rule files match the pattern /var/lib/suricata/rules/suricata.rules
7/4/2023 -- 10:41:50 - <Warning> - [ERRCODE: SC_ERR_NO_RULES_LOADED(43)] - 1 rule files specified, but no rules were loaded!
7/4/2023 -- 10:41:50 - <Info> - Threshold config parsed: 0 rule(s) found
7/4/2023 -- 10:41:50 - <Info> - 0 signatures processed. 0 are IP-only rules, 0 are inspecting packet payload, 0 inspect application layer, 0 are decoder event only
7/4/2023 -- 10:41:50 - <Info> - Going to use 2 thread(s)
7/4/2023 -- 10:41:50 - <Info> - Running in live mode, activating unix socket
7/4/2023 -- 10:41:50 - <Info> - Using unix socket file '/var/run/suricata/suricata-command.socket'
7/4/2023 -- 10:41:50 - <Notice> - all 2 packet processing threads, 4 management threads initialized, engine started.
7/4/2023 -- 10:41:50 - <Info> - All AFP capture threads are running.
7/4/2023 -- 10:46:21 - <Notice> - Signal Received.  Stopping engine.
7/4/2023 -- 10:46:21 - <Info> - time elapsed 271.257s
7/4/2023 -- 10:46:22 - <Info> - Alerts: 0
7/4/2023 -- 10:46:22 - <Info> - cleaning up signature grouping structure... complete
7/4/2023 -- 10:46:22 - <Notice> - Stats for 'hp_core':  pkts: 42, drop: 0 (0.00%), invalid chksum: 0
13/4/2023 -- 18:58:29 - <Notice> - This is Suricata version 6.0.10 RELEASE running in SYSTEM mode
13/4/2023 -- 18:58:29 - <Info> - CPUs/cores online: 2
13/4/2023 -- 18:58:29 - <Info> - Found an MTU of 1500 for 'hp_core'
13/4/2023 -- 18:58:29 - <Info> - Found an MTU of 1500 for 'hp_core'
13/4/2023 -- 18:58:29 - <Info> - dropped the caps for main thread
13/4/2023 -- 18:58:29 - <Info> - fast output device (regular) initialized: fast.log
13/4/2023 -- 18:58:29 - <Info> - eve-log output device (regular) initialized: eve.json
13/4/2023 -- 18:58:29 - <Info> - stats output device (regular) initialized: stats.log
13/4/2023 -- 18:58:29 - <Info> - Running in live mode, activating unix socket
13/4/2023 -- 18:58:29 - <Warning> - [ERRCODE: SC_ERR_NO_RULES(42)] - No rule files match the pattern /var/lib/suricata/rules/suricata.rules
13/4/2023 -- 18:58:29 - <Warning> - [ERRCODE: SC_ERR_NO_RULES_LOADED(43)] - 1 rule files specified, but no rules were loaded!
13/4/2023 -- 18:58:29 - <Info> - Threshold config parsed: 0 rule(s) found
13/4/2023 -- 18:58:29 - <Info> - 0 signatures processed. 0 are IP-only rules, 0 are inspecting packet payload, 0 inspect application layer, 0 are decoder event only
13/4/2023 -- 18:58:29 - <Info> - Going to use 2 thread(s)
13/4/2023 -- 18:58:29 - <Info> - Running in live mode, activating unix socket
13/4/2023 -- 18:58:29 - <Info> - Using unix socket file '/var/run/suricata/suricata-command.socket'
13/4/2023 -- 18:58:29 - <Notice> - all 2 packet processing threads, 4 management threads initialized, engine started.
13/4/2023 -- 18:58:29 - <Info> - All AFP capture threads are running.
13/4/2023 -- 18:59:12 - <Notice> - Signal Received.  Stopping engine.
13/4/2023 -- 18:59:12 - <Info> - time elapsed 42.853s
13/4/2023 -- 18:59:13 - <Info> - Alerts: 0
13/4/2023 -- 18:59:13 - <Info> - cleaning up signature grouping structure... complete
13/4/2023 -- 18:59:13 - <Notice> - Stats for 'hp_core':  pkts: 15, drop: 0 (0.00%), invalid chksum: 0
19/4/2023 -- 07:39:40 - <Notice> - This is Suricata version 6.0.10 RELEASE running in SYSTEM mode
19/4/2023 -- 07:39:40 - <Info> - CPUs/cores online: 2
19/4/2023 -- 07:39:40 - <Info> - Found an MTU of 1500 for 'hp_core'
19/4/2023 -- 07:39:40 - <Info> - Found an MTU of 1500 for 'hp_core'
19/4/2023 -- 07:39:40 - <Info> - dropped the caps for main thread
19/4/2023 -- 07:39:40 - <Info> - fast output device (regular) initialized: fast.log
19/4/2023 -- 07:39:40 - <Info> - eve-log output device (regular) initialized: eve.json
19/4/2023 -- 07:39:40 - <Info> - stats output device (regular) initialized: stats.log
19/4/2023 -- 07:39:40 - <Info> - Running in live mode, activating unix socket
19/4/2023 -- 07:39:40 - <Warning> - [ERRCODE: SC_ERR_NO_RULES(42)] - No rule files match the pattern /var/lib/suricata/rules/suricata.rules
19/4/2023 -- 07:39:40 - <Warning> - [ERRCODE: SC_ERR_NO_RULES_LOADED(43)] - 1 rule files specified, but no rules were loaded!
19/4/2023 -- 07:39:40 - <Info> - Threshold config parsed: 0 rule(s) found
19/4/2023 -- 07:39:40 - <Info> - 0 signatures processed. 0 are IP-only rules, 0 are inspecting packet payload, 0 inspect application layer, 0 are decoder event only
19/4/2023 -- 07:39:40 - <Info> - Going to use 2 thread(s)
19/4/2023 -- 07:39:40 - <Info> - Running in live mode, activating unix socket
19/4/2023 -- 07:39:40 - <Info> - Using unix socket file '/var/run/suricata/suricata-command.socket'
19/4/2023 -- 07:39:40 - <Notice> - all 2 packet processing threads, 4 management threads initialized, engine started.
19/4/2023 -- 07:39:40 - <Info> - All AFP capture threads are running.
19/4/2023 -- 07:51:39 - <Notice> - Signal Received.  Stopping engine.
19/4/2023 -- 07:51:39 - <Info> - time elapsed 719.374s
19/4/2023 -- 07:51:40 - <Info> - Alerts: 0
19/4/2023 -- 07:51:40 - <Info> - cleaning up signature grouping structure... complete
19/4/2023 -- 07:51:40 - <Notice> - Stats for 'hp_core':  pkts: 15, drop: 0 (0.00%), invalid chksum: 0
